<!DOCTYPE suite SYSTEM "https://testng.org/testng-1.0.dtd" >
<suite name="firstSuite">
    <test name="firstTest">
        <classes>

        </classes>
    </test>
</suite>